数据库连接成功
查询库存SQL: SELECT Total_inventory FROM machine WHERE vID = ''
数据库连接成功
查询库存SQL: SELECT Total_inventory FROM machine WHERE local = ''
数据库连接成功
查询库存SQL: SELECT Total_inventory FROM machine WHERE local = ''
数据库连接成功
查询库存SQL: SELECT Total_inventory FROM machine WHERE places = ''
数据库连接成功
查询库存SQL: SELECT Total_inventory FROM machine WHERE places = ''
数据库连接成功
查询库存SQL: SELECT Total_inventory FROM machine WHERE places = ''
数据库连接成功
查询库存SQL: SELECT Total_inventory FROM machine WHERE places = ''
vID: 
vID: 
数据库连接成功
查询库存SQL: SELECT Total_inventory FROM machine WHERE places = '1001'
数据库连接成功
查询库存SQL: SELECT Total_inventory FROM machine WHERE places = '1001'
数据库连接成功
查询库存SQL: SELECT Total_inventory FROM machine WHERE places = '1001'
数据库连接成功
查询库存SQL: SELECT Total_inventory FROM machine WHERE places = '1001'
数据库连接成功
查询库存SQL: SELECT Total_inventory FROM machine WHERE places = '1001'
数据库连接成功
查询库存SQL: SELECT Total_inventory FROM machine WHERE vID = '1001'
数据库连接成功
查询库存SQL: SELECT Total_inventory FROM machine WHERE vID = '1001'
数据库连接成功
查询库存SQL: SELECT Total_inventory FROM machine WHERE vID = ''
数据库连接成功
查询库存SQL: SELECT Total_inventory FROM machine WHERE vID = '1002'
数据库连接成功
查询库存SQL: SELECT Total_inventory FROM machine WHERE vID = '1004'
数据库连接成功
查询库存SQL: SELECT Total_inventory FROM machine WHERE vID = '1001'
数据库连接成功
查询库存SQL: SELECT Total_inventory FROM machine WHERE vID = '1001'
数据库连接成功
查询库存SQL: SELECT Total_inventory FROM machine WHERE vID = '1002'
数据库连接成功
查询库存SQL: SELECT Total_inventory FROM machine WHERE vID = ''
数据库连接成功
查询库存SQL: SELECT Total_inventory FROM machine WHERE vID = '1003'
数据库连接成功
查询库存SQL: SELECT Total_inventory FROM machine WHERE vID = '1002'
数据库连接成功
查询库存SQL: SELECT Total_inventory FROM machine WHERE vID = '1002'
